<?xml version="1.0" encoding="UTF-8"?>
<!-- Generated by org.testng.reporters.JUnitReportReporter -->
<testsuite hostname="DESKTOP-GM181MI" name="com.way2automation.APIBatch5.TestCases.SampleTestCase" tests="2" failures="0" timestamp="25 Aug 2019 05:01:08 GMT" time="0.004" errors="0">
  <testcase name="validateLogin" time="0.004" classname="com.way2automation.APIBatch5.TestCases.SampleTestCase"/>
  <testcase name="validateSignUp" time="0.000" classname="com.way2automation.APIBatch5.TestCases.SampleTestCase"/>
</testsuite> <!-- com.way2automation.APIBatch5.TestCases.SampleTestCase -->
