<?xml version="1.0" encoding="UTF-8"?>
<!-- Generated by org.testng.reporters.JUnitReportReporter -->
<testsuite hostname="DESKTOP-GM181MI" name="com.way2automation.APIBatch5.TestCases.ValidateUpdateCustomerAPI" tests="1" failures="0" timestamp="28 Sep 2019 05:52:28 GMT" time="2.770" errors="0">
  <testcase name="validateUpdateCustomerAPIWithValidAuthKey" time="2.770" classname="com.way2automation.APIBatch5.TestCases.ValidateUpdateCustomerAPI"/>
</testsuite> <!-- com.way2automation.APIBatch5.TestCases.ValidateUpdateCustomerAPI -->
