<?xml version="1.0" encoding="UTF-8"?>
<!-- Generated by org.testng.reporters.JUnitReportReporter -->
<testsuite hostname="DESKTOP-GM181MI" name="com.way2automation.APIBatch5.TestCases.ValidateCreateCustomerAPI" tests="2" failures="0" timestamp="21 Sep 2019 05:52:12 GMT" time="6.590" errors="0">
  <testcase name="validateCreateCustomerAPIWithValidAuthKey" time="2.967" classname="com.way2automation.APIBatch5.TestCases.ValidateCreateCustomerAPI"/>
  <testcase name="validateCreateCustomerAPIWithInvalidAuthKey" time="3.623" classname="com.way2automation.APIBatch5.TestCases.ValidateCreateCustomerAPI"/>
</testsuite> <!-- com.way2automation.APIBatch5.TestCases.ValidateCreateCustomerAPI -->
