<?xml version="1.0" encoding="UTF-8"?>
<!-- Generated by org.testng.reporters.JUnitReportReporter -->
<testsuite skipped="0" hostname="DESKTOP-GM181MI" name="com.way2automation.APIBatch5.TestCases.ValidateUpdateCustomerAPI" tests="1" failures="0" timestamp="12 Oct 2019 06:42:57 GMT" time="3.031" errors="0">
  <testcase name="validateUpdateCustomerAPIWithValidAuthKey" time="3.031" classname="com.way2automation.APIBatch5.TestCases.ValidateUpdateCustomerAPI"/>
</testsuite> <!-- com.way2automation.APIBatch5.TestCases.ValidateUpdateCustomerAPI -->
